<?xml version="1.0" encoding="utf-8" ?>
<!DOCTYPE html PUBLIC "-//W3C//DTD XHTML 1.0 Strict//EN"
        "http://www.w3.org/TR/xhtml1/DTD/xhtml1-strict.dtd">
<html xmlns="http://www.w3.org/1999/xhtml" xml:lang="" lang="">
<head>
  <title>Test Results Report - Run on Edge</title>
  <meta http-equiv="Content-Type" content="text/html;charset=utf-8" />
  <meta name="description" content="TestNG unit test results." />
  <link href="reportng.css" rel="stylesheet" type="text/css" />
    <script type="text/javascript" src="reportng.js"></script>
</head>
<body>
<h1>Run on Edge</h1>
<p>
  Test duration: 25.431s
</p>



  <table class="resultsTable">
    <tr><th colspan="3" class="header failed">Failed Tests</th></tr>
          <tr>
        <td colspan="3" class="group">com_nopcommerce_account.Level_15_Assert_Verify_Sai_Test_Report</td>
      </tr>
            
<tr>
  <td class="method">
                  Register_01_Empty_Data_Fail
      </td>
  <td class="duration">
    10.104s
  </td>
  <td class="result">
        
    
            <div class="testOutput">
                        User_01- Step 01: Verify Title is displayed<br />
                  </div>
    

        <a href="javascript:toggleElement('exception-0', 'block')" title="Click to expand/collapse"><b>org.openqa.selenium.TimeoutException: Expected condition failed: waiting for visibility of element located by By.xpath: //a[text()=&apos;Trang chủ&apos;] (tried for 10 second(s) with 500 milliseconds interval)<br/>
Build info: version: &apos;4.16.1&apos;, revision: &apos;9b4c83354e&apos;<br/>
System info: os.name: &apos;Windows 11&apos;, os.arch: &apos;amd64&apos;, os.version: &apos;10.0&apos;, java.version: &apos;17.0.7&apos;<br/>
Driver info: org.openqa.selenium.edge.EdgeDriver<br/>
Capabilities {acceptInsecureCerts: false, browserName: MicrosoftEdge, browserVersion: 127.0.2651.98, fedcm:accounts: true, ms:edgeOptions: {debuggerAddress: localhost:62731}, msedge: {msedgedriverVersion: 127.0.2651.98 (9996f88545e1..., userDataDir: C:\Users\PCDELL~2\AppData\L...}, networkConnectionEnabled: false, pageLoadStrategy: normal, platformName: windows, proxy: Proxy(), se:cdp: ws://localhost:62731/devtoo..., se:cdpVersion: 127.0.2651.98, setWindowRect: true, strictFileInteractability: false, timeouts: {implicit: 0, pageLoad: 300000, script: 30000}, unhandledPromptBehavior: dismiss and notify, webauthn:extension:credBlob: true, webauthn:extension:largeBlob: true, webauthn:extension:minPinLength: true, webauthn:extension:prf: true, webauthn:virtualAuthenticators: true}<br/>
Session ID: 555cb43a4826816b855de899bf12a44f</b></a><br />
    <div class="stackTrace" id="exception-0">
              org.openqa.selenium.support.ui.WebDriverWait.timeoutException(WebDriverWait.java:84)<br />
              org.openqa.selenium.support.ui.FluentWait.until(FluentWait.java:229)<br />
              commons.BasePage.waitForElementVisible(BasePage.java:413)<br />
              pageObject_28tech.HomePage28techObject.isTitleDisPlayed(HomePage28techObject.java:15)<br />
              com_nopcommerce_account.Level_15_Assert_Verify_Sai_Test_Report.Register_01_Empty_Data_Fail(Level_15_Assert_Verify_Sai_Test_Report.java:74)<br />
              java.base/jdk.internal.reflect.NativeMethodAccessorImpl.invoke0(Native Method)<br />
              java.base/jdk.internal.reflect.NativeMethodAccessorImpl.invoke(NativeMethodAccessorImpl.java:77)<br />
              java.base/jdk.internal.reflect.DelegatingMethodAccessorImpl.invoke(DelegatingMethodAccessorImpl.java:43)<br />
              java.base/java.lang.reflect.Method.invoke(Method.java:568)<br />
              org.testng.internal.invokers.MethodInvocationHelper.invokeMethod(MethodInvocationHelper.java:139)<br />
              org.testng.internal.invokers.TestInvoker.invokeMethod(TestInvoker.java:664)<br />
              org.testng.internal.invokers.TestInvoker.invokeTestMethod(TestInvoker.java:228)<br />
              org.testng.internal.invokers.MethodRunner.runInSequence(MethodRunner.java:63)<br />
              org.testng.internal.invokers.TestInvoker$MethodInvocationAgent.invoke(TestInvoker.java:961)<br />
              org.testng.internal.invokers.TestInvoker.invokeTestMethods(TestInvoker.java:201)<br />
              org.testng.internal.invokers.TestMethodWorker.invokeTestMethods(TestMethodWorker.java:148)<br />
              org.testng.internal.invokers.TestMethodWorker.run(TestMethodWorker.java:128)<br />
              java.base/java.util.ArrayList.forEach(ArrayList.java:1511)<br />
              org.testng.TestRunner.privateRun(TestRunner.java:819)<br />
              org.testng.TestRunner.run(TestRunner.java:619)<br />
              org.testng.SuiteRunner.runTest(SuiteRunner.java:443)<br />
              org.testng.SuiteRunner.runSequentially(SuiteRunner.java:437)<br />
              org.testng.SuiteRunner.privateRun(SuiteRunner.java:397)<br />
              org.testng.SuiteRunner.run(SuiteRunner.java:336)<br />
              org.testng.SuiteRunnerWorker.runSuite(SuiteRunnerWorker.java:52)<br />
              org.testng.SuiteRunnerWorker.run(SuiteRunnerWorker.java:95)<br />
              org.testng.TestNG.runSuitesSequentially(TestNG.java:1301)<br />
              org.testng.TestNG.runSuitesLocally(TestNG.java:1228)<br />
              org.testng.TestNG.runSuites(TestNG.java:1134)<br />
              org.testng.TestNG.run(TestNG.java:1101)<br />
              com.intellij.rt.testng.IDEARemoteTestNG.run(IDEARemoteTestNG.java:65)<br />
              com.intellij.rt.testng.RemoteTestNGStarter.main(RemoteTestNGStarter.java:105)<br />
                </div>
      </td>
</tr>
<tr>
  <td class="method">
                  Register_02_Empty_Data_Pass
      </td>
  <td class="duration">
    10.552s
  </td>
  <td class="result">
        
    
            <div class="testOutput">
                        User_01- Step 01: Verify Title is displayed<br />
                  </div>
    

        <a href="javascript:toggleElement('exception-1', 'block')" title="Click to expand/collapse"><b>org.openqa.selenium.TimeoutException: Expected condition failed: waiting for visibility of element located by By.xpath: //a[text()=&apos;Trang chủ&apos;] (tried for 10 second(s) with 500 milliseconds interval)<br/>
Build info: version: &apos;4.16.1&apos;, revision: &apos;9b4c83354e&apos;<br/>
System info: os.name: &apos;Windows 11&apos;, os.arch: &apos;amd64&apos;, os.version: &apos;10.0&apos;, java.version: &apos;17.0.7&apos;<br/>
Driver info: org.openqa.selenium.edge.EdgeDriver<br/>
Capabilities {acceptInsecureCerts: false, browserName: MicrosoftEdge, browserVersion: 127.0.2651.98, fedcm:accounts: true, ms:edgeOptions: {debuggerAddress: localhost:62731}, msedge: {msedgedriverVersion: 127.0.2651.98 (9996f88545e1..., userDataDir: C:\Users\PCDELL~2\AppData\L...}, networkConnectionEnabled: false, pageLoadStrategy: normal, platformName: windows, proxy: Proxy(), se:cdp: ws://localhost:62731/devtoo..., se:cdpVersion: 127.0.2651.98, setWindowRect: true, strictFileInteractability: false, timeouts: {implicit: 0, pageLoad: 300000, script: 30000}, unhandledPromptBehavior: dismiss and notify, webauthn:extension:credBlob: true, webauthn:extension:largeBlob: true, webauthn:extension:minPinLength: true, webauthn:extension:prf: true, webauthn:virtualAuthenticators: true}<br/>
Session ID: 555cb43a4826816b855de899bf12a44f</b></a><br />
    <div class="stackTrace" id="exception-1">
              org.openqa.selenium.support.ui.WebDriverWait.timeoutException(WebDriverWait.java:84)<br />
              org.openqa.selenium.support.ui.FluentWait.until(FluentWait.java:229)<br />
              commons.BasePage.waitForElementVisible(BasePage.java:413)<br />
              pageObject_28tech.HomePage28techObject.isTitleDisPlayed(HomePage28techObject.java:15)<br />
              com_nopcommerce_account.Level_15_Assert_Verify_Sai_Test_Report.Register_02_Empty_Data_Pass(Level_15_Assert_Verify_Sai_Test_Report.java:98)<br />
              java.base/jdk.internal.reflect.NativeMethodAccessorImpl.invoke0(Native Method)<br />
              java.base/jdk.internal.reflect.NativeMethodAccessorImpl.invoke(NativeMethodAccessorImpl.java:77)<br />
              java.base/jdk.internal.reflect.DelegatingMethodAccessorImpl.invoke(DelegatingMethodAccessorImpl.java:43)<br />
              java.base/java.lang.reflect.Method.invoke(Method.java:568)<br />
              org.testng.internal.invokers.MethodInvocationHelper.invokeMethod(MethodInvocationHelper.java:139)<br />
              org.testng.internal.invokers.TestInvoker.invokeMethod(TestInvoker.java:664)<br />
              org.testng.internal.invokers.TestInvoker.invokeTestMethod(TestInvoker.java:228)<br />
              org.testng.internal.invokers.MethodRunner.runInSequence(MethodRunner.java:63)<br />
              org.testng.internal.invokers.TestInvoker$MethodInvocationAgent.invoke(TestInvoker.java:961)<br />
              org.testng.internal.invokers.TestInvoker.invokeTestMethods(TestInvoker.java:201)<br />
              org.testng.internal.invokers.TestMethodWorker.invokeTestMethods(TestMethodWorker.java:148)<br />
              org.testng.internal.invokers.TestMethodWorker.run(TestMethodWorker.java:128)<br />
              java.base/java.util.ArrayList.forEach(ArrayList.java:1511)<br />
              org.testng.TestRunner.privateRun(TestRunner.java:819)<br />
              org.testng.TestRunner.run(TestRunner.java:619)<br />
              org.testng.SuiteRunner.runTest(SuiteRunner.java:443)<br />
              org.testng.SuiteRunner.runSequentially(SuiteRunner.java:437)<br />
              org.testng.SuiteRunner.privateRun(SuiteRunner.java:397)<br />
              org.testng.SuiteRunner.run(SuiteRunner.java:336)<br />
              org.testng.SuiteRunnerWorker.runSuite(SuiteRunnerWorker.java:52)<br />
              org.testng.SuiteRunnerWorker.run(SuiteRunnerWorker.java:95)<br />
              org.testng.TestNG.runSuitesSequentially(TestNG.java:1301)<br />
              org.testng.TestNG.runSuitesLocally(TestNG.java:1228)<br />
              org.testng.TestNG.runSuites(TestNG.java:1134)<br />
              org.testng.TestNG.run(TestNG.java:1101)<br />
              com.intellij.rt.testng.IDEARemoteTestNG.run(IDEARemoteTestNG.java:65)<br />
              com.intellij.rt.testng.RemoteTestNGStarter.main(RemoteTestNGStarter.java:105)<br />
                </div>
      </td>
</tr>
      </table>


  
</body>
</html>
